<?xml version="1.0" encoding="UTF-8" standalone="yes"?><!DOCTYPE report PUBLIC "-//JACOCO//DTD Report 1.1//EN" "report.dtd"><report name="mercadolibre-api"><sessioninfo id="DESKTOP-1O6J6DF-de657c87" start="1756181862437" dump="1756181865687"/><sessioninfo id="DESKTOP-1O6J6DF-88f180d0" start="1756181880493" dump="1756181883446"/><sessioninfo id="DESKTOP-1O6J6DF-2157227a" start="1756182069681" dump="1756182072855"/><sessioninfo id="DESKTOP-1O6J6DF-42b6fdc" start="1756182153075" dump="1756182154017"/><sessioninfo id="DESKTOP-1O6J6DF-db996467" start="1756182155432" dump="1756182156798"/><sessioninfo id="DESKTOP-1O6J6DF-2359a249" start="1756182160399" dump="1756182161447"/><sessioninfo id="DESKTOP-1O6J6DF-c4a7ae01" start="1756182162448" dump="1756182163378"/><sessioninfo id="DESKTOP-1O6J6DF-93fde79a" start="1756182211888" dump="1756182214999"/><sessioninfo id="DESKTOP-1O6J6DF-dc5c3184" start="1756182711814" dump="1756182714952"/><sessioninfo id="DESKTOP-1O6J6DF-5c4a1990" start="1756183017005" dump="1756183022218"/><sessioninfo id="DESKTOP-1O6J6DF-2487bd0e" start="1756183115901" dump="1756183121369"/><sessioninfo id="DESKTOP-1O6J6DF-7f7a8da9" start="1756183138691" dump="1756183143050"/><sessioninfo id="DESKTOP-1O6J6DF-ece38885" start="1756183337571" dump="1756183338476"/><sessioninfo id="DESKTOP-1O6J6DF-624c415" start="1756183341603" dump="1756183342603"/><sessioninfo id="DESKTOP-1O6J6DF-c0bad22e" start="1756183344192" dump="1756183345110"/><sessioninfo id="DESKTOP-1O6J6DF-1480174e" start="1756183348070" dump="1756183349038"/><sessioninfo id="DESKTOP-1O6J6DF-629162cf" start="1756183350504" dump="1756183357709"/><sessioninfo id="DESKTOP-1O6J6DF-582b1cbc" start="1756183355519" dump="1756183362702"/><sessioninfo id="DESKTOP-1O6J6DF-a3d08782" start="1756183364294" dump="1756183371357"/><sessioninfo id="DESKTOP-1O6J6DF-ec270c7a" start="1756183368869" dump="1756183376299"/><sessioninfo id="DESKTOP-1O6J6DF-3f32a438" start="1756183378391" dump="1756183386610"/><sessioninfo id="DESKTOP-1O6J6DF-d5a204ae" start="1756183383610" dump="1756183391586"/><sessioninfo id="DESKTOP-1O6J6DF-b79801ec" start="1756183393482" dump="1756183394381"/><sessioninfo id="DESKTOP-1O6J6DF-5ef7442c" start="1756183397879" dump="1756183399057"/><sessioninfo id="DESKTOP-1O6J6DF-db3ade64" start="1756183401118" dump="1756183402402"/><sessioninfo id="DESKTOP-1O6J6DF-9942ff2d" start="1756183405481" dump="1756183407482"/><sessioninfo id="DESKTOP-1O6J6DF-9186d540" start="1756183409209" dump="1756183410768"/><sessioninfo id="DESKTOP-1O6J6DF-df4b3730" start="1756183413991" dump="1756183415817"/><sessioninfo id="DESKTOP-1O6J6DF-5aae1646" start="1756183416927" dump="1756183418532"/><sessioninfo id="DESKTOP-1O6J6DF-1cf4a229" start="1756183422107" dump="1756183423796"/><sessioninfo id="DESKTOP-1O6J6DF-ef5f8121" start="1756183424866" dump="1756183426277"/><sessioninfo id="DESKTOP-1O6J6DF-fa57f9a5" start="1756183456175" dump="1756183461648"/><sessioninfo id="DESKTOP-1O6J6DF-f1826c40" start="1756183648215" dump="1756183649115"/><sessioninfo id="DESKTOP-1O6J6DF-297538d3" start="1756183652189" dump="1756183653213"/><sessioninfo id="DESKTOP-1O6J6DF-21854592" start="1756183654344" dump="1756183655162"/><sessioninfo id="DESKTOP-1O6J6DF-bdcc3689" start="1756183658693" dump="1756183659669"/><sessioninfo id="DESKTOP-1O6J6DF-5d23105" start="1756183660255" dump="1756183666347"/><sessioninfo id="DESKTOP-1O6J6DF-c958f620" start="1756183666468" dump="1756183672324"/><sessioninfo id="DESKTOP-1O6J6DF-21bd6f52" start="1756183672364" dump="1756183678239"/><sessioninfo id="DESKTOP-1O6J6DF-d22807bc" start="1756183678280" dump="1756183684102"/><sessioninfo id="DESKTOP-1O6J6DF-58000020" start="1756183684131" dump="1756183689934"/><sessioninfo id="DESKTOP-1O6J6DF-7c1c4d91" start="1756183690491" dump="1756183695951"/><sessioninfo id="DESKTOP-1O6J6DF-d0e30f3f" start="1756183695977" dump="1756183696875"/><sessioninfo id="DESKTOP-1O6J6DF-6ef656e5" start="1756183701291" dump="1756183702110"/><sessioninfo id="DESKTOP-1O6J6DF-821edc44" start="1756183706693" dump="1756183707411"/><sessioninfo id="DESKTOP-1O6J6DF-3cce636c" start="1756183711666" dump="1756183712935"/><sessioninfo id="DESKTOP-1O6J6DF-de955e1e" start="1756183717319" dump="1756183718610"/><sessioninfo id="DESKTOP-1O6J6DF-7978edf" start="1756183723003" dump="1756183724204"/><sessioninfo id="DESKTOP-1O6J6DF-7f4c91a1" start="1756183729103" dump="1756183730314"/><sessioninfo id="DESKTOP-1O6J6DF-5e0cafb9" start="1756183734634" dump="1756183735822"/><sessioninfo id="DESKTOP-1O6J6DF-d9bb4c7b" start="1756183740098" dump="1756183741323"/><sessioninfo id="DESKTOP-1O6J6DF-87085fe3" start="1756183848140" dump="1756183853944"/><sessioninfo id="DESKTOP-1O6J6DF-bbfe60e0" start="1756184431446" dump="1756184436323"/><package name="com/example/mercadolibreapi/controller"><class name="com/example/mercadolibreapi/controller/GlobalExceptionHandler" sourcefilename="GlobalExceptionHandler.java"><method name="&lt;init&gt;" desc="()V" line="13"><counter type="INSTRUCTION" missed="0" covered="3"/><counter type="LINE" missed="0" covered="1"/><counter type="COMPLEXITY" missed="0" covered="1"/><counter type="METHOD" missed="0" covered="1"/></method><method name="handleNoSuchElementException" desc="(Ljava/util/NoSuchElementException;)Lorg/springframework/http/ResponseEntity;" line="17"><counter type="INSTRUCTION" missed="0" covered="11"/><counter type="LINE" missed="0" covered="4"/><counter type="COMPLEXITY" missed="0" covered="1"/><counter type="METHOD" missed="0" covered="1"/></method><method name="handleValidationException" desc="(Lorg/springframework/web/bind/MethodArgumentNotValidException;)Lorg/springframework/http/ResponseEntity;" line="26"><counter type="INSTRUCTION" missed="20" covered="0"/><counter type="LINE" missed="8" covered="0"/><counter type="COMPLEXITY" missed="1" covered="0"/><counter type="METHOD" missed="1" covered="0"/></method><method name="handleRuntimeException" desc="(Ljava/lang/RuntimeException;)Lorg/springframework/http/ResponseEntity;" line="42"><counter type="INSTRUCTION" missed="0" covered="11"/><counter type="LINE" missed="0" covered="4"/><counter type="COMPLEXITY" missed="0" covered="1"/><counter type="METHOD" missed="0" covered="1"/></method><method name="handleGeneralException" desc="(Ljava/lang/Exception;)Lorg/springframework/http/ResponseEntity;" line="51"><counter type="INSTRUCTION" missed="0" covered="13"/><counter type="LINE" missed="0" covered="5"/><counter type="COMPLEXITY" missed="0" covered="1"/><counter type="METHOD" missed="0" covered="1"/></method><method name="lambda$0" desc="(Lorg/springframework/validation/FieldError;)Ljava/util/Map;" line="27"><counter type="INSTRUCTION" missed="8" covered="0"/><counter type="LINE" missed="4" covered="0"/><counter type="COMPLEXITY" missed="1" covered="0"/><counter type="METHOD" missed="1" covered="0"/></method><counter type="INSTRUCTION" missed="28" covered="38"/><counter type="LINE" missed="11" covered="14"/><counter type="COMPLEXITY" missed="2" covered="4"/><counter type="METHOD" missed="2" covered="4"/><counter type="CLASS" missed="0" covered="1"/></class><class name="com/example/mercadolibreapi/controller/ProductController" sourcefilename="ProductController.java"><method name="getProductById" desc="(I)Lorg/springframework/http/ResponseEntity;" line="30"><counter type="INSTRUCTION" missed="0" covered="8"/><counter type="LINE" missed="0" covered="2"/><counter type="COMPLEXITY" missed="0" covered="1"/><counter type="METHOD" missed="0" covered="1"/></method><method name="getAllProducts" desc="()Ljava/util/List;" line="36"><counter type="INSTRUCTION" missed="0" covered="4"/><counter type="LINE" missed="0" covered="1"/><counter type="COMPLEXITY" missed="0" covered="1"/><counter type="METHOD" missed="0" covered="1"/></method><method name="createProduct" desc="(Lcom/example/mercadolibreapi/dto/ProductResponseDto;)Lorg/springframework/http/ResponseEntity;" line="41"><counter type="INSTRUCTION" missed="0" covered="10"/><counter type="LINE" missed="0" covered="2"/><counter type="COMPLEXITY" missed="0" covered="1"/><counter type="METHOD" missed="0" covered="1"/></method><method name="updateProduct" desc="(ILcom/example/mercadolibreapi/dto/ProductResponseDto;)Lorg/springframework/http/ResponseEntity;" line="47"><counter type="INSTRUCTION" missed="0" covered="9"/><counter type="LINE" missed="0" covered="2"/><counter type="COMPLEXITY" missed="0" covered="1"/><counter type="METHOD" missed="0" covered="1"/></method><method name="deleteProduct" desc="(I)Lorg/springframework/http/ResponseEntity;" line="53"><counter type="INSTRUCTION" missed="0" covered="7"/><counter type="LINE" missed="0" covered="2"/><counter type="COMPLEXITY" missed="0" covered="1"/><counter type="METHOD" missed="0" covered="1"/></method><counter type="INSTRUCTION" missed="0" covered="38"/><counter type="LINE" missed="0" covered="9"/><counter type="COMPLEXITY" missed="0" covered="5"/><counter type="METHOD" missed="0" covered="5"/><counter type="CLASS" missed="0" covered="1"/></class><sourcefile name="GlobalExceptionHandler.java"><line nr="13" mi="0" ci="3" mb="0" cb="0"/><line nr="17" mi="0" ci="3" mb="0" cb="0"/><line nr="18" mi="0" ci="2" mb="0" cb="0"/><line nr="19" mi="0" ci="3" mb="0" cb="0"/><line nr="20" mi="0" ci="3" mb="0" cb="0"/><line nr="26" mi="5" ci="0" mb="0" cb="0"/><line nr="27" mi="3" ci="0" mb="0" cb="0"/><line nr="28" mi="3" ci="0" mb="0" cb="0"/><line nr="29" mi="3" ci="0" mb="0" cb="0"/><line nr="30" mi="1" ci="0" mb="0" cb="0"/><line nr="31" mi="1" ci="0" mb="0" cb="0"/><line nr="32" mi="3" ci="0" mb="0" cb="0"/><line nr="33" mi="2" ci="0" mb="0" cb="0"/><line nr="34" mi="3" ci="0" mb="0" cb="0"/><line nr="35" mi="2" ci="0" mb="0" cb="0"/><line nr="36" mi="2" ci="0" mb="0" cb="0"/><line nr="42" mi="0" ci="3" mb="0" cb="0"/><line nr="43" mi="0" ci="2" mb="0" cb="0"/><line nr="44" mi="0" ci="3" mb="0" cb="0"/><line nr="45" mi="0" ci="3" mb="0" cb="0"/><line nr="51" mi="0" ci="3" mb="0" cb="0"/><line nr="52" mi="0" ci="2" mb="0" cb="0"/><line nr="53" mi="0" ci="3" mb="0" cb="0"/><line nr="54" mi="0" ci="2" mb="0" cb="0"/><line nr="55" mi="0" ci="3" mb="0" cb="0"/><counter type="INSTRUCTION" missed="28" covered="38"/><counter type="LINE" missed="11" covered="14"/><counter type="COMPLEXITY" missed="2" covered="4"/><counter type="METHOD" missed="2" covered="4"/><counter type="CLASS" missed="0" covered="1"/></sourcefile><sourcefile name="ProductController.java"><line nr="30" mi="0" ci="5" mb="0" cb="0"/><line nr="31" mi="0" ci="3" mb="0" cb="0"/><line nr="36" mi="0" ci="4" mb="0" cb="0"/><line nr="41" mi="0" ci="5" mb="0" cb="0"/><line nr="42" mi="0" ci="5" mb="0" cb="0"/><line nr="47" mi="0" ci="6" mb="0" cb="0"/><line nr="48" mi="0" ci="3" mb="0" cb="0"/><line nr="53" mi="0" ci="4" mb="0" cb="0"/><line nr="54" mi="0" ci="3" mb="0" cb="0"/><counter type="INSTRUCTION" missed="0" covered="38"/><counter type="LINE" missed="0" covered="9"/><counter type="COMPLEXITY" missed="0" covered="5"/><counter type="METHOD" missed="0" covered="5"/><counter type="CLASS" missed="0" covered="1"/></sourcefile><counter type="INSTRUCTION" missed="28" covered="76"/><counter type="LINE" missed="11" covered="23"/><counter type="COMPLEXITY" missed="2" covered="9"/><counter type="METHOD" missed="2" covered="9"/><counter type="CLASS" missed="0" covered="2"/></package><package name="com/example/mercadolibreapi/dto"><class name="com/example/mercadolibreapi/dto/ProductResponseDto$ProductResponseDtoBuilder" sourcefilename="ProductResponseDto.java"/><class name="com/example/mercadolibreapi/dto/ProductResponseDto" sourcefilename="ProductResponseDto.java"/><sourcefile name="ProductResponseDto.java"/></package><package name="com/example/mercadolibreapi/service/impl"><class name="com/example/mercadolibreapi/service/impl/ProductService" sourcefilename="ProductService.java"><method name="&lt;init&gt;" desc="()V" line="24"><counter type="INSTRUCTION" missed="11" covered="0"/><counter type="LINE" missed="2" covered="0"/><counter type="COMPLEXITY" missed="1" covered="0"/><counter type="METHOD" missed="1" covered="0"/></method><method name="&lt;init&gt;" desc="(Z)V" line="29"><counter type="INSTRUCTION" missed="0" covered="11"/><counter type="LINE" missed="0" covered="2"/><counter type="COMPLEXITY" missed="0" covered="1"/><counter type="METHOD" missed="0" covered="1"/></method><method name="&lt;init&gt;" desc="(ZLjava/io/File;Lcom/fasterxml/jackson/databind/ObjectMapper;)V" line="32"><counter type="INSTRUCTION" missed="13" covered="32"/><counter type="BRANCH" missed="1" covered="1"/><counter type="LINE" missed="3" covered="9"/><counter type="COMPLEXITY" missed="1" covered="1"/><counter type="METHOD" missed="0" covered="1"/></method><method name="getAllProducts" desc="()Ljava/util/List;" line="50"><counter type="INSTRUCTION" missed="0" covered="3"/><counter type="LINE" missed="0" covered="1"/><counter type="COMPLEXITY" missed="0" covered="1"/><counter type="METHOD" missed="0" covered="1"/></method><method name="getProductById" desc="(I)Lcom/example/mercadolibreapi/dto/ProductResponseDto;" line="55"><counter type="INSTRUCTION" missed="0" covered="11"/><counter type="LINE" missed="0" covered="4"/><counter type="COMPLEXITY" missed="0" covered="1"/><counter type="METHOD" missed="0" covered="1"/></method><method name="createProduct" desc="(Lcom/example/mercadolibreapi/dto/ProductResponseDto;)Lcom/example/mercadolibreapi/dto/ProductResponseDto;" line="63"><counter type="INSTRUCTION" missed="0" covered="23"/><counter type="LINE" missed="0" covered="8"/><counter type="COMPLEXITY" missed="0" covered="1"/><counter type="METHOD" missed="0" covered="1"/></method><method name="updateProduct" desc="(ILcom/example/mercadolibreapi/dto/ProductResponseDto;)Lcom/example/mercadolibreapi/dto/ProductResponseDto;" line="75"><counter type="INSTRUCTION" missed="5" covered="38"/><counter type="BRANCH" missed="2" covered="4"/><counter type="LINE" missed="1" covered="10"/><counter type="COMPLEXITY" missed="2" covered="2"/><counter type="METHOD" missed="0" covered="1"/></method><method name="deleteProduct" desc="(I)V" line="93"><counter type="INSTRUCTION" missed="5" covered="33"/><counter type="BRANCH" missed="2" covered="4"/><counter type="LINE" missed="1" covered="9"/><counter type="COMPLEXITY" missed="2" covered="2"/><counter type="METHOD" missed="0" covered="1"/></method><method name="saveProducts" desc="()V" line="108"><counter type="INSTRUCTION" missed="16" covered="4"/><counter type="BRANCH" missed="1" covered="1"/><counter type="LINE" missed="4" covered="1"/><counter type="COMPLEXITY" missed="1" covered="1"/><counter type="METHOD" missed="0" covered="1"/></method><method name="lambda$0" desc="(ILcom/example/mercadolibreapi/dto/ProductResponseDto;)Z" line="56"><counter type="INSTRUCTION" missed="0" covered="8"/><counter type="BRANCH" missed="0" covered="2"/><counter type="LINE" missed="0" covered="1"/><counter type="COMPLEXITY" missed="0" covered="2"/><counter type="METHOD" missed="0" covered="1"/></method><method name="lambda$1" desc="()Ljava/util/NoSuchElementException;" line="58"><counter type="INSTRUCTION" missed="0" covered="5"/><counter type="LINE" missed="0" covered="1"/><counter type="COMPLEXITY" missed="0" covered="1"/><counter type="METHOD" missed="0" covered="1"/></method><counter type="INSTRUCTION" missed="50" covered="168"/><counter type="BRANCH" missed="6" covered="12"/><counter type="LINE" missed="11" covered="44"/><counter type="COMPLEXITY" missed="7" covered="13"/><counter type="METHOD" missed="1" covered="10"/><counter type="CLASS" missed="0" covered="1"/></class><sourcefile name="ProductService.java"><line nr="24" mi="10" ci="0" mb="0" cb="0"/><line nr="25" mi="1" ci="0" mb="0" cb="0"/><line nr="29" mi="0" ci="10" mb="0" cb="0"/><line nr="30" mi="0" ci="1" mb="0" cb="0"/><line nr="32" mi="0" ci="2" mb="0" cb="0"/><line nr="33" mi="0" ci="3" mb="0" cb="0"/><line nr="34" mi="0" ci="3" mb="0" cb="0"/><line nr="35" mi="0" ci="3" mb="0" cb="0"/><line nr="37" mi="0" ci="6" mb="0" cb="0"/><line nr="38" mi="0" ci="2" mb="1" cb="1"/><line nr="39" mi="0" ci="11" mb="0" cb="0"/><line nr="40" mi="0" ci="1" mb="0" cb="0"/><line nr="41" mi="5" ci="0" mb="0" cb="0"/><line nr="43" mi="2" ci="0" mb="0" cb="0"/><line nr="44" mi="6" ci="0" mb="0" cb="0"/><line nr="46" mi="0" ci="1" mb="0" cb="0"/><line nr="50" mi="0" ci="3" mb="0" cb="0"/><line nr="55" mi="0" ci="4" mb="0" cb="0"/><line nr="56" mi="0" ci="11" mb="0" cb="2"/><line nr="57" mi="0" ci="1" mb="0" cb="0"/><line nr="58" mi="0" ci="8" mb="0" cb="0"/><line nr="63" mi="0" ci="5" mb="0" cb="0"/><line nr="64" mi="0" ci="2" mb="0" cb="0"/><line nr="65" mi="0" ci="1" mb="0" cb="0"/><line nr="66" mi="0" ci="3" mb="0" cb="0"/><line nr="67" mi="0" ci="3" mb="0" cb="0"/><line nr="68" mi="0" ci="5" mb="0" cb="0"/><line nr="69" mi="0" ci="2" mb="0" cb="0"/><line nr="70" mi="0" ci="2" mb="0" cb="0"/><line nr="75" mi="0" ci="2" mb="0" cb="0"/><line nr="76" mi="0" ci="9" mb="1" cb="1"/><line nr="77" mi="0" ci="8" mb="0" cb="2"/><line nr="78" mi="0" ci="2" mb="0" cb="0"/><line nr="79" mi="0" ci="1" mb="0" cb="0"/><line nr="82" mi="0" ci="3" mb="1" cb="1"/><line nr="83" mi="5" ci="0" mb="0" cb="0"/><line nr="85" mi="0" ci="3" mb="0" cb="0"/><line nr="86" mi="0" ci="6" mb="0" cb="0"/><line nr="87" mi="0" ci="2" mb="0" cb="0"/><line nr="88" mi="0" ci="2" mb="0" cb="0"/><line nr="93" mi="0" ci="2" mb="0" cb="0"/><line nr="94" mi="0" ci="9" mb="1" cb="1"/><line nr="95" mi="0" ci="8" mb="0" cb="2"/><line nr="96" mi="0" ci="2" mb="0" cb="0"/><line nr="97" mi="0" ci="1" mb="0" cb="0"/><line nr="100" mi="0" ci="3" mb="1" cb="1"/><line nr="101" mi="5" ci="0" mb="0" cb="0"/><line nr="103" mi="0" ci="5" mb="0" cb="0"/><line nr="104" mi="0" ci="2" mb="0" cb="0"/><line nr="105" mi="0" ci="1" mb="0" cb="0"/><line nr="108" mi="0" ci="4" mb="1" cb="1"/><line nr="110" mi="7" ci="0" mb="0" cb="0"/><line nr="111" mi="2" ci="0" mb="0" cb="0"/><line nr="112" mi="6" ci="0" mb="0" cb="0"/><line nr="114" mi="1" ci="0" mb="0" cb="0"/><counter type="INSTRUCTION" missed="50" covered="168"/><counter type="BRANCH" missed="6" covered="12"/><counter type="LINE" missed="11" covered="44"/><counter type="COMPLEXITY" missed="7" covered="13"/><counter type="METHOD" missed="1" covered="10"/><counter type="CLASS" missed="0" covered="1"/></sourcefile><counter type="INSTRUCTION" missed="50" covered="168"/><counter type="BRANCH" missed="6" covered="12"/><counter type="LINE" missed="11" covered="44"/><counter type="COMPLEXITY" missed="7" covered="13"/><counter type="METHOD" missed="1" covered="10"/><counter type="CLASS" missed="0" covered="1"/></package><package name="com/example/mercadolibreapi"><class name="com/example/mercadolibreapi/MercadolibreApiApplication" sourcefilename="MercadolibreApiApplication.java"><method name="&lt;init&gt;" desc="()V" line="7"><counter type="INSTRUCTION" missed="0" covered="3"/><counter type="LINE" missed="0" covered="1"/><counter type="COMPLEXITY" missed="0" covered="1"/><counter type="METHOD" missed="0" covered="1"/></method><method name="main" desc="([Ljava/lang/String;)V" line="9"><counter type="INSTRUCTION" missed="5" covered="0"/><counter type="LINE" missed="2" covered="0"/><counter type="COMPLEXITY" missed="1" covered="0"/><counter type="METHOD" missed="1" covered="0"/></method><counter type="INSTRUCTION" missed="5" covered="3"/><counter type="LINE" missed="2" covered="1"/><counter type="COMPLEXITY" missed="1" covered="1"/><counter type="METHOD" missed="1" covered="1"/><counter type="CLASS" missed="0" covered="1"/></class><sourcefile name="MercadolibreApiApplication.java"><line nr="7" mi="0" ci="3" mb="0" cb="0"/><line nr="9" mi="4" ci="0" mb="0" cb="0"/><line nr="10" mi="1" ci="0" mb="0" cb="0"/><counter type="INSTRUCTION" missed="5" covered="3"/><counter type="LINE" missed="2" covered="1"/><counter type="COMPLEXITY" missed="1" covered="1"/><counter type="METHOD" missed="1" covered="1"/><counter type="CLASS" missed="0" covered="1"/></sourcefile><counter type="INSTRUCTION" missed="5" covered="3"/><counter type="LINE" missed="2" covered="1"/><counter type="COMPLEXITY" missed="1" covered="1"/><counter type="METHOD" missed="1" covered="1"/><counter type="CLASS" missed="0" covered="1"/></package><package name="com/example/mercadolibreapi/service"><class name="com/example/mercadolibreapi/service/IProductService" sourcefilename="IProductService.java"/><sourcefile name="IProductService.java"/></package><counter type="INSTRUCTION" missed="83" covered="247"/><counter type="BRANCH" missed="6" covered="12"/><counter type="LINE" missed="24" covered="68"/><counter type="COMPLEXITY" missed="10" covered="23"/><counter type="METHOD" missed="4" covered="20"/><counter type="CLASS" missed="0" covered="4"/></report>